<?xml version="1.0" encoding="utf-8"?><testsuites name="pytest tests"><testsuite name="pytest" errors="0" failures="0" skipped="0" tests="5" time="1.211" timestamp="2026-08-13T06:00:51.536186+00:00" hostname="agent-env-fd80e708-46b0-451d-977c-5e601537598c"><testcase classname="tests.backend_test.TestItems" name="test_list_items_seeded" time="0.253" /><testcase classname="tests.backend_test.TestCategories" name="test_list_categories" time="0.257" /><testcase classname="tests.backend_test.TestCategories" name="test_add_and_duplicate_and_reserved" time="0.478" /><testcase classname="tests.backend_test.TestItems" name="test_create_get_update_delete" time="0.433" /><testcase classname="tests.backend_test.TestItems" name="test_update_404" time="0.043" /></testsuite></testsuites>